find_library: checking for OGROpen() in -lgdal... -------------------- yes

"gcc -o conftest -I. -I/Users/jlarson/.rvm/rubies/ruby-1.8.7-p302/lib/ruby/1.8/i686-darwin10.7.0 -I. -I-I-I/usr/local/include -I-I-I/usr/X11/include -I-I-I/Users/jlarson/.rvm/rubies/ruby-1.8.7-p302/include -I-I-I/usr/include -I-I/usr/local/include -I-I/usr/X11/include -I-I/Users/jlarson/.rvm/rubies/ruby-1.8.7-p302/include -I-I/usr/include -I/usr/local/include -I/usr/X11/include -I/Users/jlarson/.rvm/rubies/ruby-1.8.7-p302/include -I/usr/include  -D_XOPEN_SOURCE -D_DARWIN_C_SOURCE   -g -O2  -fno-common -pipe -fno-common    conftest.c  -L. -L/Users/jlarson/.rvm/rubies/ruby-1.8.7-p302/lib -L/usr/local/lib -L/usr/X11/lib -L/Users/jlarson/.rvm/rubies/ruby-1.8.7-p302/lib -L/usr/lib -L.      -lruby-static -lgdal  -ldl -lobjc   "
conftest.c: In function ‘t’:
conftest.c:3: error: ‘OGROpen’ undeclared (first use in this function)
conftest.c:3: error: (Each undeclared identifier is reported only once
conftest.c:3: error: for each function it appears in.)
checked program was:
/* begin */
1: /*top*/
2: int main() { return 0; }
3: int t() { void ((*volatile p)()); p = (void ((*)()))OGROpen; return 0; }
/* end */

"gcc -o conftest -I. -I/Users/jlarson/.rvm/rubies/ruby-1.8.7-p302/lib/ruby/1.8/i686-darwin10.7.0 -I. -I-I-I/usr/local/include -I-I-I/usr/X11/include -I-I-I/Users/jlarson/.rvm/rubies/ruby-1.8.7-p302/include -I-I-I/usr/include -I-I/usr/local/include -I-I/usr/X11/include -I-I/Users/jlarson/.rvm/rubies/ruby-1.8.7-p302/include -I-I/usr/include -I/usr/local/include -I/usr/X11/include -I/Users/jlarson/.rvm/rubies/ruby-1.8.7-p302/include -I/usr/include  -D_XOPEN_SOURCE -D_DARWIN_C_SOURCE   -g -O2  -fno-common -pipe -fno-common    conftest.c  -L. -L/Users/jlarson/.rvm/rubies/ruby-1.8.7-p302/lib -L/usr/local/lib -L/usr/X11/lib -L/Users/jlarson/.rvm/rubies/ruby-1.8.7-p302/lib -L/usr/lib -L.      -lruby-static -lgdal  -ldl -lobjc   "
checked program was:
/* begin */
1: /*top*/
2: int main() { return 0; }
3: int t() { OGROpen(); return 0; }
/* end */

--------------------

find_library: checking for cairo_surface_write_to_png_stream() in -lcairo... -------------------- yes

"gcc -o conftest -I. -I/Users/jlarson/.rvm/rubies/ruby-1.8.7-p302/lib/ruby/1.8/i686-darwin10.7.0 -I. -I-I-I/usr/local/include -I-I-I/usr/X11/include -I-I-I/Users/jlarson/.rvm/rubies/ruby-1.8.7-p302/include -I-I-I/usr/include -I-I/usr/local/include -I-I/usr/X11/include -I-I/Users/jlarson/.rvm/rubies/ruby-1.8.7-p302/include -I-I/usr/include -I/usr/local/include -I/usr/X11/include -I/Users/jlarson/.rvm/rubies/ruby-1.8.7-p302/include -I/usr/include  -D_XOPEN_SOURCE -D_DARWIN_C_SOURCE   -g -O2  -fno-common -pipe -fno-common    conftest.c  -L. -L/Users/jlarson/.rvm/rubies/ruby-1.8.7-p302/lib -L/usr/local/lib -L/usr/X11/lib -L/Users/jlarson/.rvm/rubies/ruby-1.8.7-p302/lib -L/usr/lib -L.     -lgdal  -lruby-static -lcairo -lgdal  -ldl -lobjc   "
conftest.c: In function ‘t’:
conftest.c:3: error: ‘cairo_surface_write_to_png_stream’ undeclared (first use in this function)
conftest.c:3: error: (Each undeclared identifier is reported only once
conftest.c:3: error: for each function it appears in.)
checked program was:
/* begin */
1: /*top*/
2: int main() { return 0; }
3: int t() { void ((*volatile p)()); p = (void ((*)()))cairo_surface_write_to_png_stream; return 0; }
/* end */

"gcc -o conftest -I. -I/Users/jlarson/.rvm/rubies/ruby-1.8.7-p302/lib/ruby/1.8/i686-darwin10.7.0 -I. -I-I-I/usr/local/include -I-I-I/usr/X11/include -I-I-I/Users/jlarson/.rvm/rubies/ruby-1.8.7-p302/include -I-I-I/usr/include -I-I/usr/local/include -I-I/usr/X11/include -I-I/Users/jlarson/.rvm/rubies/ruby-1.8.7-p302/include -I-I/usr/include -I/usr/local/include -I/usr/X11/include -I/Users/jlarson/.rvm/rubies/ruby-1.8.7-p302/include -I/usr/include  -D_XOPEN_SOURCE -D_DARWIN_C_SOURCE   -g -O2  -fno-common -pipe -fno-common    conftest.c  -L. -L/Users/jlarson/.rvm/rubies/ruby-1.8.7-p302/lib -L/usr/local/lib -L/usr/X11/lib -L/Users/jlarson/.rvm/rubies/ruby-1.8.7-p302/lib -L/usr/lib -L.     -lgdal  -lruby-static -lcairo -lgdal  -ldl -lobjc   "
checked program was:
/* begin */
1: /*top*/
2: int main() { return 0; }
3: int t() { cairo_surface_write_to_png_stream(); return 0; }
/* end */

--------------------

find_library: checking for simplet_map_render_to_stream() in -lsimple-tiles... -------------------- yes

"gcc -o conftest -I. -I/Users/jlarson/.rvm/rubies/ruby-1.8.7-p302/lib/ruby/1.8/i686-darwin10.7.0 -I. -I-I-I/usr/local/include -I-I-I/usr/X11/include -I-I-I/Users/jlarson/.rvm/rubies/ruby-1.8.7-p302/include -I-I-I/usr/include -I-I/usr/local/include -I-I/usr/X11/include -I-I/Users/jlarson/.rvm/rubies/ruby-1.8.7-p302/include -I-I/usr/include -I/usr/local/include -I/usr/X11/include -I/Users/jlarson/.rvm/rubies/ruby-1.8.7-p302/include -I/usr/include  -D_XOPEN_SOURCE -D_DARWIN_C_SOURCE   -g -O2  -fno-common -pipe -fno-common    conftest.c  -L. -L/Users/jlarson/.rvm/rubies/ruby-1.8.7-p302/lib -L/usr/local/lib -L/usr/X11/lib -L/Users/jlarson/.rvm/rubies/ruby-1.8.7-p302/lib -L/usr/lib -L.     -lcairo -lgdal  -lruby-static -lsimple-tiles -lcairo -lgdal  -ldl -lobjc   "
conftest.c: In function ‘t’:
conftest.c:3: error: ‘simplet_map_render_to_stream’ undeclared (first use in this function)
conftest.c:3: error: (Each undeclared identifier is reported only once
conftest.c:3: error: for each function it appears in.)
checked program was:
/* begin */
1: /*top*/
2: int main() { return 0; }
3: int t() { void ((*volatile p)()); p = (void ((*)()))simplet_map_render_to_stream; return 0; }
/* end */

"gcc -o conftest -I. -I/Users/jlarson/.rvm/rubies/ruby-1.8.7-p302/lib/ruby/1.8/i686-darwin10.7.0 -I. -I-I-I/usr/local/include -I-I-I/usr/X11/include -I-I-I/Users/jlarson/.rvm/rubies/ruby-1.8.7-p302/include -I-I-I/usr/include -I-I/usr/local/include -I-I/usr/X11/include -I-I/Users/jlarson/.rvm/rubies/ruby-1.8.7-p302/include -I-I/usr/include -I/usr/local/include -I/usr/X11/include -I/Users/jlarson/.rvm/rubies/ruby-1.8.7-p302/include -I/usr/include  -D_XOPEN_SOURCE -D_DARWIN_C_SOURCE   -g -O2  -fno-common -pipe -fno-common    conftest.c  -L. -L/Users/jlarson/.rvm/rubies/ruby-1.8.7-p302/lib -L/usr/local/lib -L/usr/X11/lib -L/Users/jlarson/.rvm/rubies/ruby-1.8.7-p302/lib -L/usr/lib -L.     -lcairo -lgdal  -lruby-static -lsimple-tiles -lcairo -lgdal  -ldl -lobjc   "
checked program was:
/* begin */
1: /*top*/
2: int main() { return 0; }
3: int t() { simplet_map_render_to_stream(); return 0; }
/* end */

--------------------

find_header: checking for gdal/ogr_api.h... -------------------- yes

"gcc -E -I. -I/Users/jlarson/.rvm/rubies/ruby-1.8.7-p302/lib/ruby/1.8/i686-darwin10.7.0 -I. -I-I-I/usr/local/include -I-I-I/usr/X11/include -I-I-I/Users/jlarson/.rvm/rubies/ruby-1.8.7-p302/include -I-I-I/usr/include -I-I/usr/local/include -I-I/usr/X11/include -I-I/Users/jlarson/.rvm/rubies/ruby-1.8.7-p302/include -I-I/usr/include -I/usr/local/include -I/usr/X11/include -I/Users/jlarson/.rvm/rubies/ruby-1.8.7-p302/include -I/usr/include  -D_XOPEN_SOURCE -D_DARWIN_C_SOURCE   -g -O2  -fno-common -pipe -fno-common     conftest.c -o conftest.i"
checked program was:
/* begin */
1: #include <gdal/ogr_api.h>
/* end */

--------------------

find_header: checking for gdal/ogr_srs_api.h... -------------------- yes

"gcc -E -I. -I/Users/jlarson/.rvm/rubies/ruby-1.8.7-p302/lib/ruby/1.8/i686-darwin10.7.0 -I. -I-I-I/usr/local/include -I-I-I/usr/X11/include -I-I-I/Users/jlarson/.rvm/rubies/ruby-1.8.7-p302/include -I-I-I/usr/include -I-I/usr/local/include -I-I/usr/X11/include -I-I/Users/jlarson/.rvm/rubies/ruby-1.8.7-p302/include -I-I/usr/include -I/usr/local/include -I/usr/X11/include -I/Users/jlarson/.rvm/rubies/ruby-1.8.7-p302/include -I/usr/include  -D_XOPEN_SOURCE -D_DARWIN_C_SOURCE   -g -O2  -fno-common -pipe -fno-common     conftest.c -o conftest.i"
checked program was:
/* begin */
1: #include <gdal/ogr_srs_api.h>
/* end */

--------------------

find_header: checking for cairo/cairo.h... -------------------- yes

"gcc -E -I. -I/Users/jlarson/.rvm/rubies/ruby-1.8.7-p302/lib/ruby/1.8/i686-darwin10.7.0 -I. -I-I-I/usr/local/include -I-I-I/usr/X11/include -I-I-I/Users/jlarson/.rvm/rubies/ruby-1.8.7-p302/include -I-I-I/usr/include -I-I/usr/local/include -I-I/usr/X11/include -I-I/Users/jlarson/.rvm/rubies/ruby-1.8.7-p302/include -I-I/usr/include -I/usr/local/include -I/usr/X11/include -I/Users/jlarson/.rvm/rubies/ruby-1.8.7-p302/include -I/usr/include  -D_XOPEN_SOURCE -D_DARWIN_C_SOURCE   -g -O2  -fno-common -pipe -fno-common     conftest.c -o conftest.i"
checked program was:
/* begin */
1: #include <cairo/cairo.h>
/* end */

--------------------

find_header: checking for simple-tiles/simple_tiles.h... -------------------- yes

"gcc -E -I. -I/Users/jlarson/.rvm/rubies/ruby-1.8.7-p302/lib/ruby/1.8/i686-darwin10.7.0 -I. -I-I-I/usr/local/include -I-I-I/usr/X11/include -I-I-I/Users/jlarson/.rvm/rubies/ruby-1.8.7-p302/include -I-I-I/usr/include -I-I/usr/local/include -I-I/usr/X11/include -I-I/Users/jlarson/.rvm/rubies/ruby-1.8.7-p302/include -I-I/usr/include -I/usr/local/include -I/usr/X11/include -I/Users/jlarson/.rvm/rubies/ruby-1.8.7-p302/include -I/usr/include  -D_XOPEN_SOURCE -D_DARWIN_C_SOURCE   -g -O2  -fno-common -pipe -fno-common     conftest.c -o conftest.i"
checked program was:
/* begin */
1: #include <simple-tiles/simple_tiles.h>
/* end */

--------------------

